<?xml version="1.0" encoding="UTF-8"?>
<!-- Generated by org.testng.reporters.JUnitReportReporter -->
<testsuite hostname="DESKTOP-L9NSGMN" failures="0" tests="1" name="test.LoginTest" time="1.510" errors="0" timestamp="2025-05-10T16:23:14 IST" skipped="0">
  <testcase classname="test.LoginTest" name="loginWithExcelData" time="1.510"/>
  <system-out/>
</testsuite> <!-- test.LoginTest -->
