<?xml version="1.0" encoding="UTF-8"?>
<!-- Generated by org.testng.reporters.JUnitReportReporter -->
<testsuite hostname="DESKTOP-L9NSGMN" failures="0" tests="1" name="com.LeadForm.testcases.LeadFormTestCases" time="6.166" errors="0" timestamp="2025-04-30T11:17:23 IST" skipped="0">
  <testcase classname="com.LeadForm.testcases.LeadFormTestCases" name="leadFormTest" time="6.166"/>
</testsuite> <!-- com.LeadForm.testcases.LeadFormTestCases -->
