<?xml version="1.0" encoding="UTF-8"?>
<!-- Generated by org.testng.reporters.JUnitReportReporter -->
<testsuite hostname="DESKTOP-L9NSGMN" failures="0" tests="2" name="com.LeadForm.testcases.LoginTestDriverData" time="1.782" errors="0" timestamp="2025-03-07T18:31:46 IST" skipped="0">
  <testcase classname="com.LeadForm.testcases.LoginTestDriverData" name="verifyLogin" time="0.768"/>
  <testcase classname="com.LeadForm.testcases.LoginTestDriverData" name="verifyLogin" time="1.014"/>
</testsuite> <!-- com.LeadForm.testcases.LoginTestDriverData -->
